\BOOKMARK [1][-]{section*.1}{\376\377\000O\000v\000e\000r\000v\000i\000e\000w}{}% 1
\BOOKMARK [1][-]{section*.2}{\376\377\000C\000o\000u\000r\000s\000e\000\040\000R\000e\000q\000u\000i\000r\000e\000m\000e\000n\000t\000s}{}% 2
\BOOKMARK [2][-]{subsection*.3}{\376\377\000C\000l\000a\000s\000s\000\040\000P\000a\000r\000t\000i\000c\000i\000p\000a\000t\000i\000o\000n}{section*.2}% 3
\BOOKMARK [2][-]{subsection*.4}{\376\377\000A\000s\000s\000i\000g\000n\000m\000e\000n\000t\000s}{section*.2}% 4
\BOOKMARK [2][-]{subsection*.5}{\376\377\000E\000x\000a\000m}{section*.2}% 5
\BOOKMARK [2][-]{subsection*.6}{\376\377\000R\000e\000s\000e\000a\000r\000c\000h\000\040\000P\000a\000p\000e\000r}{section*.2}% 6
\BOOKMARK [2][-]{subsection*.7}{\376\377\000R\000e\000s\000e\000a\000r\000c\000h\000\040\000P\000r\000e\000s\000e\000n\000t\000a\000t\000i\000o\000n}{section*.2}% 7
\BOOKMARK [1][-]{section*.8}{\376\377\000C\000o\000u\000r\000s\000e\000\040\000S\000c\000h\000e\000d\000u\000l\000e}{}% 8
\BOOKMARK [2][-]{subsection*.9}{\376\377\000W\000e\000e\000k\000\040\0001\000,\000\040\000J\000a\000n\000u\000a\000r\000y\000\040\0001\0005\000:\000\040\000I\000n\000t\000r\000o\000d\000u\000c\000t\000i\000o\000n\000\040\000t\000o\000\040\000t\000h\000e\000\040\000C\000o\000u\000r\000s\000e}{section*.8}% 9
\BOOKMARK [2][-]{subsection*.10}{\376\377\000W\000e\000e\000k\000\040\0002\000,\000\040\000J\000a\000n\000u\000a\000r\000y\000\040\0002\0002\000:\000\040\000T\000h\000e\000\040\000R\000e\000p\000l\000i\000c\000a\000t\000i\000o\000n\000\040\000C\000r\000i\000s\000i\000s\000\040\000a\000n\000d\000\040\000R\000e\000p\000r\000o\000d\000u\000c\000i\000b\000i\000l\000i\000t\000y}{section*.8}% 10
\BOOKMARK [2][-]{subsection*.11}{\376\377\000W\000e\000e\000k\000\040\0003\000,\000\040\000J\000a\000n\000u\000a\000r\000y\000\040\0002\0009\000:\000\040\000S\000e\000t\000t\000l\000i\000n\000g\000\040\000I\000n\000\040\000w\000i\000t\000h\000\040}{section*.8}% 11
\BOOKMARK [2][-]{subsection*.12}{\376\377\000W\000e\000e\000k\000\040\0004\000,\000\040\000F\000e\000b\000r\000u\000a\000r\000y\000\040\0005\000:\000\040\000V\000i\000s\000u\000a\000l\000i\000z\000a\000t\000i\000o\000n}{section*.8}% 12
\BOOKMARK [2][-]{subsection*.13}{\376\377\000W\000e\000e\000k\000\040\0005\000,\000\040\000F\000e\000b\000r\000u\000a\000r\000y\000\040\0001\0002\000:\000\040\000W\000r\000a\000n\000g\000l\000i\000n\000'\000\040\000D\000a\000t\000a}{section*.8}% 13
\BOOKMARK [2][-]{subsection*.14}{\376\377\000W\000e\000e\000k\000\040\0006\000,\000\040\000F\000e\000b\000r\000u\000a\000r\000y\000\040\0001\0009\000:\000\040\000W\000r\000a\000n\000g\000l\000i\000n\000'\000\040\000D\000a\000t\000a\000\040\000I\000I\000,\000\040\000W\000o\000r\000k\000i\000n\000g\000\040\000w\000i\000t\000h\000\040\000T\000e\000x\000t}{section*.8}% 14
\BOOKMARK [2][-]{subsection*.15}{\376\377\000W\000e\000e\000k\000\040\0007\000,\000\040\000F\000e\000b\000r\000u\000a\000r\000y\000\040\0002\0006\000:\000\040\000S\000c\000r\000a\000p\000i\000n\000g\000\040\000\050\000a\000n\000d\000\040\000M\000a\000n\000a\000g\000i\000n\000g\000\051\000\040\000D\000a\000t\000a}{section*.8}% 15
\BOOKMARK [2][-]{subsection*.16}{\376\377\000W\000e\000e\000k\000\040\0008\000,\000\040\000M\000a\000r\000c\000h\000\040\0005\000:\000\040\000M\000u\000l\000t\000i\000l\000e\000v\000e\000l\000\040\000M\000o\000d\000e\000l\000s\000\040\000o\000f\000\040\000M\000u\000l\000t\000i\000p\000l\000e\000\040\000S\000u\000r\000v\000e\000y\000s\000\040\000I}{section*.8}% 16
\BOOKMARK [2][-]{subsection*.17}{\376\377\000W\000e\000e\000k\000\040\0009\000,\000\040\000M\000a\000r\000c\000h\000\040\0001\0002\000:\000\040\000M\000u\000l\000t\000i\000l\000e\000v\000e\000l\000\040\000M\000o\000d\000e\000l\000s\000\040\000o\000f\000\040\000M\000u\000l\000t\000i\000p\000l\000e\000\040\000S\000u\000r\000v\000e\000y\000s\000\040\000I\000I}{section*.8}% 17
\BOOKMARK [2][-]{subsection*.18}{\376\377\000W\000e\000e\000k\000\040\0001\0000\000,\000\040\000M\000a\000r\000c\000h\000\040\0001\0009\000:\000\040\000S\000p\000r\000i\000n\000g\000\040\000B\000r\000e\000a\000k}{section*.8}% 18
\BOOKMARK [2][-]{subsection*.19}{\376\377\000W\000e\000e\000k\000\040\0001\0001\000,\000\040\000M\000a\000r\000c\000h\000\040\0002\0006\000:\000\040\000C\000r\000o\000w\000d\000s\000o\000u\000r\000c\000i\000n\000g\000\040\000C\000r\000o\000s\000s\000-\000N\000a\000t\000i\000o\000n\000a\000l\000\040\000D\000a\000t\000a}{section*.8}% 19
\BOOKMARK [2][-]{subsection*.20}{\376\377\000W\000e\000e\000k\000\040\0001\0002\000,\000\040\000A\000p\000r\000i\000l\000\040\0002\000:\000\040\000E\000s\000t\000i\000m\000a\000t\000i\000n\000g\000\040\000C\000r\000o\000s\000s\000-\000N\000a\000t\000i\000o\000n\000a\000l\000\040\000L\000a\000t\000e\000n\000t\000\040\000V\000a\000r\000i\000a\000b\000l\000e\000s}{section*.8}% 20
\BOOKMARK [2][-]{subsection*.21}{\376\377\000W\000e\000e\000k\000\040\0001\0003\000,\000\040\000A\000p\000r\000i\000l\000\040\0009\000:\000\040\000A\000n\000a\000l\000y\000s\000i\000s\000\040\000w\000i\000t\000h\000\040\000C\000r\000o\000s\000s\000-\000N\000a\000t\000i\000o\000n\000a\000l\000\040\000L\000a\000t\000e\000n\000t\000\040\000V\000a\000r\000i\000a\000b\000l\000e\000s}{section*.8}% 21
\BOOKMARK [2][-]{subsection*.22}{\376\377\000W\000e\000e\000k\000\040\0001\0004\000,\000\040\000A\000p\000r\000i\000l\000\040\0001\0006\000:\000\040\000P\000u\000b\000l\000i\000c\000\040\000O\000p\000i\000n\000i\000o\000n\000\040\000i\000n\000\040\000O\000n\000e\000\040\000C\000o\000u\000n\000t\000r\000y\000\040\000a\000s\000\040\000a\000\040\000L\000a\000t\000e\000n\000t\000\040\000V\000a\000r\000i\000a\000b\000l\000e}{section*.8}% 22
\BOOKMARK [2][-]{subsection*.23}{\376\377\000W\000e\000e\000k\000\040\0001\0005\000,\000\040\000A\000p\000r\000i\000l\000\040\0002\0003\000:\000\040\000P\000u\000b\000l\000i\000c\000\040\000O\000p\000i\000n\000i\000o\000n\000\040\000a\000s\000\040\000a\000\040\000C\000r\000o\000s\000s\000-\000N\000a\000t\000i\000o\000n\000a\000l\000\040\000L\000a\000t\000e\000n\000t\000\040\000V\000a\000r\000i\000a\000b\000l\000e}{section*.8}% 23
\BOOKMARK [2][-]{subsection*.24}{\376\377\000W\000e\000e\000k\000\040\0001\0006\000,\000\040\000A\000p\000r\000i\000l\000\040\0003\0000\000:\000\040\000P\000r\000e\000s\000e\000n\000t\000a\000t\000i\000o\000n\000s}{section*.8}% 24
\BOOKMARK [1][-]{section*.25}{\376\377\000F\000u\000r\000t\000h\000e\000r\000\040\000C\000o\000u\000r\000s\000e\000\040\000I\000n\000f\000o\000r\000m\000a\000t\000i\000o\000n}{}% 25
\BOOKMARK [2][-]{subsubsection*.26}{\376\377\000A\000d\000m\000i\000n\000i\000s\000t\000r\000a\000t\000i\000v\000e\000\040\000H\000o\000m\000e}{section*.25}% 26
\BOOKMARK [3][-]{subsubsection*.27}{\376\377\000E\000l\000e\000c\000t\000r\000o\000n\000i\000c\000\040\000C\000o\000m\000m\000u\000n\000i\000c\000a\000t\000i\000o\000n}{subsubsection*.26}% 27
\BOOKMARK [3][-]{subsubsection*.28}{\376\377\000A\000c\000c\000o\000m\000m\000o\000d\000a\000t\000i\000o\000n\000s\000\040\000f\000o\000r\000\040\000D\000i\000s\000a\000b\000i\000l\000i\000t\000i\000e\000s}{subsubsection*.26}% 28
\BOOKMARK [3][-]{subsubsection*.29}{\376\377\000N\000o\000n\000d\000i\000s\000c\000r\000i\000m\000i\000n\000a\000t\000i\000o\000n\000\040\000i\000n\000\040\000t\000h\000e\000\040\000C\000l\000a\000s\000s\000r\000o\000o\000m}{subsubsection*.26}% 29
\BOOKMARK [3][-]{subsubsection*.30}{\376\377\000A\000c\000a\000d\000e\000m\000i\000c\000\040\000H\000o\000n\000e\000s\000t\000y}{subsubsection*.26}% 30
\BOOKMARK [3][-]{subsubsection*.31}{\376\377\000C\000L\000A\000S\000\040\000F\000i\000n\000a\000l\000\040\000E\000x\000a\000m\000i\000n\000a\000t\000i\000o\000n\000\040\000P\000o\000l\000i\000c\000i\000e\000s}{subsubsection*.26}% 31
\BOOKMARK [3][-]{subsubsection*.32}{\376\377\000M\000a\000k\000i\000n\000g\000\040\000a\000\040\000C\000o\000m\000p\000l\000a\000i\000n\000t}{subsubsection*.26}% 32
\BOOKMARK [3][-]{subsubsection*.33}{\376\377\000U\000n\000d\000e\000r\000s\000t\000a\000n\000d\000i\000n\000g\000\040\000S\000e\000x\000u\000a\000l\000\040\000H\000a\000r\000a\000s\000s\000m\000e\000n\000t}{subsubsection*.26}% 33
\BOOKMARK [3][-]{subsubsection*.34}{\376\377\000R\000e\000a\000c\000t\000i\000n\000g\000\040\000S\000a\000f\000e\000l\000y\000\040\000t\000o\000\040\000S\000e\000v\000e\000r\000e\000\040\000W\000e\000a\000t\000h\000e\000r}{subsubsection*.26}% 34
\BOOKMARK [3][-]{subsubsection*.35}{\376\377\000S\000t\000u\000d\000e\000n\000t\000\040\000R\000e\000s\000o\000u\000r\000c\000e\000s}{subsubsection*.26}% 35
